<?xml version="1.0" encoding="UTF-8"?>
<testng-results ignored="0" total="4" passed="4" failed="0" skipped="0">
  <reporter-output>
  </reporter-output>
  <suite started-at="2025-02-11T21:24:19 IST" name="Command line suite" finished-at="2025-02-11T21:24:34 IST" duration-ms="15124">
    <groups>
    </groups>
    <test started-at="2025-02-11T21:24:19 IST" name="Command line test" finished-at="2025-02-11T21:24:34 IST" duration-ms="15124">
      <class name="api.test.UserTests">
        <test-method is-config="true" signature="setup()[pri:0, instance:api.test.UserTests@14008db3]" started-at="2025-02-11T21:24:19 IST" name="setup" finished-at="2025-02-11T21:24:20 IST" duration-ms="843" status="PASS">
          <reporter-output>
          </reporter-output>
        </test-method> <!-- setup -->
        <test-method signature="testPostUser()[pri:1, instance:api.test.UserTests@14008db3]" started-at="2025-02-11T21:24:20 IST" name="testPostUser" finished-at="2025-02-11T21:24:28 IST" duration-ms="8305" status="PASS">
          <reporter-output>
          </reporter-output>
        </test-method> <!-- testPostUser -->
        <test-method signature="testGetUserByName()[pri:2, instance:api.test.UserTests@14008db3]" started-at="2025-02-11T21:24:28 IST" name="testGetUserByName" finished-at="2025-02-11T21:24:30 IST" duration-ms="1596" status="PASS">
          <reporter-output>
          </reporter-output>
        </test-method> <!-- testGetUserByName -->
        <test-method signature="testUpdateUserByName()[pri:3, instance:api.test.UserTests@14008db3]" started-at="2025-02-11T21:24:30 IST" name="testUpdateUserByName" finished-at="2025-02-11T21:24:33 IST" duration-ms="2715" status="PASS">
          <reporter-output>
          </reporter-output>
        </test-method> <!-- testUpdateUserByName -->
        <test-method signature="testDeleteUserByName()[pri:4, instance:api.test.UserTests@14008db3]" started-at="2025-02-11T21:24:33 IST" name="testDeleteUserByName" finished-at="2025-02-11T21:24:34 IST" duration-ms="1496" status="PASS">
          <reporter-output>
          </reporter-output>
        </test-method> <!-- testDeleteUserByName -->
      </class> <!-- api.test.UserTests -->
    </test> <!-- Command line test -->
  </suite> <!-- Command line suite -->
</testng-results>
